2021-06-24 07:48:10,135 INFO  [Class] App Opened 
2021-06-24 07:48:45,247 INFO  [Class] Login Success 
2021-06-24 07:48:46,032 INFO  [Class] Logout Success 
2021-06-24 07:48:46,751 INFO  [Class] App Closed 
2021-06-24 07:50:36,260 INFO  [Class] App Opened 
2021-06-24 07:50:52,487 INFO  [Class] Login Success 
2021-06-24 07:50:53,212 INFO  [Class] Logout Success 
2021-06-24 07:50:53,624 INFO  [Class] App Closed 
2021-06-24 07:51:02,200 INFO  [Class] App Opened 
2021-06-24 07:51:09,899 INFO  [Class] Login Success 
2021-06-24 07:51:28,756 INFO  [Class] Emp Added 
2021-06-24 07:51:29,196 INFO  [Class] Logout Success 
2021-06-24 07:51:29,648 INFO  [Class] App Closed 
2021-06-24 07:51:38,375 INFO  [Class] App Opened 
2021-06-24 07:51:46,486 INFO  [Class] Login Success 
2021-06-24 07:51:58,636 INFO  [Class] Leave Completed 
2021-06-24 07:51:59,062 INFO  [Class] Logout Success 
2021-06-24 07:52:02,478 INFO  [Class] App Closed 
2021-06-24 07:52:09,024 INFO  [Class] App Opened 
2021-06-24 07:52:16,766 INFO  [Class] Login Success 
2021-06-24 07:52:22,380 INFO  [Class] Empinfo Completed 
2021-06-24 07:52:25,793 INFO  [Class] Logout Success 
2021-06-24 07:52:28,178 INFO  [Class] App Closed 
